1789529941
184770427
2038559458
289212020
1431973551
1346705120
349084982
1339685706
1023124666
1974018344
500351448
872796851
452029725
29776725
1909770642
1763157387
732148330
872877701
1874534150
286349675
1882437319
824124841
1450216778
277904623
1683143762
75159783
1219367303
985783648
1089802280
1762658556
1073672401
1635530404
2038807874
329613930
192183865
366718107
755358741
1104655832
2001651576
233439342
965868626
1408067343
1171237888
2119386179
568297108
1476512360
320208837
654982078
1360921754
1596723470
433242967
958620725
1743149782
243276065
1017596660
894807349
1318967850
382731734
1710411364
1392059739
2111338817
109391481
2096688307
527425278
1219454401
2087099188
1115127980
1501955352
1040761051
1574676929
708368734
2100334416
1565187285
604251144
1961840838
1037393056
465213503
1188280880
567577081
1516247135
976593981
1843693895
1388391378
705102826
4879534
1263458155
1401755641
1199154758
2054366493
2079187680
1223780826
1793040099
197091811
1178845965
419590287
375230295
1303381905
1377452205
199822407
1958342857
1001156991
1337504098
790148196
1772872160
1194658313
1025229152
376195154
648099751
1855364202
1947405183
1869964480
687400784
245226172
559731847
681390786
2125191605
380536032
790746179
789674925
1753789831
1279899669
686116722
641690621
685017152
601465675
1392760506
960832977
574569745
1422680691
1338102361
2020130106
642492438
1816464311
355686090
665322361
939531293
289356007
605779019
1978478521
1638994912
1887243949
1725175130
1981439867
862160636
2124877588
280908024
1091996476
794894617
1111377441
1562540412
410729985
1784040339
547495407
2053534468
955611896
930367673
2023898263
261902248
1667353440
852171830
197300298
974307155
1170535401
686910848
1511308254
579855074
2009106364
1267063493
119303827
672664246
148397293
1124637954
1238446376
92470668
2116661720
1732331127
1541006974
1026091052
581139477
478293374
1766449474
880811177
1835735930
1780689138
1113027075
266543240
1827148539
282209923
238514262
24560125
1195965721
1325973239
1700262683
1569252670
1709665845
2016627153
1777742259
794139871
614967646
1606285885
477119060
1092531725
1600310138
454723851
30232405
219582348
1900628741
328467624
667792421
974711720
569977167
1371345940
1014426706
1592840353
846148511
1564615357
1464092064
1772682917
1119591070
903449364
874673658
1397275766
1423802438
1320106492
938347807
69882747
2130383355
692528556
1862903595
1357395859
299138981
45046335
542999319
2107900712
1397574127
659191337
1552473282
864453225
535231521
812022273
1552983662
248847222
277662331
1665089403
543780699
2060678560
795857156
2045185813
1824377845
1990371038
844732966
1133540237
80890863
2080757237
2084651035
1692361128
68553688
1143644666
827100121
1379266055
1948600756
241708457
1575192200
680544301
219866954
1675088079
283847235
2030919978
1060686604
1002117517
244690415
1171866048
2113191126
2133136589
1265890175
655854983
2095057806
1563151343
2060603787
90855163
360737018
185106132
1757661822
1675572802
222653102
139944430
948571870
965033235
996067844
1222547694
1437750625
1666083017
1320971521
883081204
205424272
1785928883
1486624375
987748342
1675568227
787726693
1945391122
501785266
217261500
95270615
866444298
730510742
232383900
914243308
127888151
132786524
1427730985
77522932
1064624157
316397818
1798674738
1948992799
593123402
304952153
716364329
900270357
1348842936
1540072871
1099207180
460589537
252619645
1927174161
1688568670
105071387
1914380734
420540074
14501322
1856617513
1755952535
538077076
1531722040
1742429165
1654640042
1909444708
555091901
600504922
1138614642
703717814
625976197
937486802
924294580
436481435
370476202
222156875
966320263
822976037
696209446
644239574
228990295
1541566595
1074059632
34299251
1417302556
29321456
1131860439
1343686282
827697184
1174105369
206886426
1515788467
1194207738
1697586749
15689293
1183354824
683420677
2008533675
1233459448
242897069
1752163735
1664913237
1681908590
825240055
716561896
632058155
2045308587
1955328136
962233395
474477985
1227560810
1739881479
257278432
84544373
79266538
1136496236
1702462848
1158624201
521567148
1330611478
1759353915
432952204
220424253
2001068193
1159599026
1209950882
1777615220
736971313
1807198604
1972172484
142265902
885401999
666297584
1680056134
820345778
1218077739
904305539
1259827150
152178689
65217204
1240789447
1489479925
1825521719
839242168
929594329
1851414692
2037812422
1056097839
1739725448
583405018
599259980
416852965
1084121695
39569697
157101613
2094842302
1359945078
113415015
1774736339
1178613436
1296959863
1366936236
1431115336
940008934
851925420
221483993
254855280
484891091
389587121
1310775576
1058528330
414397222
741360451
478297087
81804499
176547799
127922509
315306977
1849228758
638142497
268105750
676950564
1136009411
1720988894
1630686708
321044784
1073499523
2132172036
1654840401
1655948196
359897286
1786592134
90820362
2145291378
1857757432
364198221
1628414021
435717260
1846425312
2136440592
507443011
101255690
1963684868
1700278320
1294570844
2091432615
1516503570
656723262
338070341
505366548
7350735
130032142
877519686
1759214536
1740743647
251290508
377015886
1991767460
406138163
2031641086
536113137
1232942314
158033186
29910634
318452606
366443789
990901989
285353438
1803581557
1384808203
648059927
1073946680
1378139185
1642124231
1987321375
1152794820
1198300705
30188421
314237200
1377264188
743273459
371521293
964710948
1135052225
653819804
1249975652
2025858940
1194649433
153280538
1453603073
862860464
275062007
1600370554
2073782123
1181468743
1233047785
2086011885
1950628738
2014327868
1617034281
347773371
1554873486
1826216385
823826336
956332199
425254133
2011436160
1848070547
2056868500
1367122920
1790417297
1579149794
450401419
1451601954
1267178909
1909066378
358844581
1704307127
1411771900
1327534778
1504421603
835162929
1766910097
1422905101
1911814683
1378513679
1666761016
1445202937
437662687
1954990238
516073226
353180856
1736604697
1144743507
1401746462
1966398436
813498400
1775690541
982326731
1963521661
433626732
139841475
1651510175
125478572
740049268
1708857186
618724627
641220519
1034446623
1896247887
431753566
1480663345
2130748293
1711528701
2062765007
307506581
496312035
1423229922
825671069
1416056539
10022577
1294235818
1800465518
1475680479
1894616975
1515776847
141509513
1274438366
1101799002
1785070574
1161568481
995741961
750168584
400241178
617107216
170997131
287227532
946694669
627920432
574953415
234741581
266390276
2332154
1342251657
1996927376
1959131036
1003815328
1640279706
341913506
1965246417
984247011
1264527395
1000992548
1635074869
1594255039
900371345
834328901
1066556938
2098293081
431324877
1192785857
794949939
1932660070
187854175
382714348
743858513
16348949
1826598791
1052323552
1324776439
629048736
547071912
1659430060
1620823837
1087662084
497017875
1874418729
2079675415
924896299
816206069
196305834
2040720461
2125681012
1311034076
1212088047
487618804
828838047
2020245594
1846857985
214790962
59149133
1944018536
1368751807
1714889901
1448509144
444004128
1264312727
1147158607
1031372797
1772028915
1303639439
1259691082
42442154
340729798
284920908
176248132
2110783629
277289126
1746529331
201068890
150635260
233555300
532921476
1769492081
276465793
375134960
283884223
912865262
1797034243
34870593
168360449
187804528
1963660814
1031536357
2061646713
451655882
1136690940
2037304287
798009313
2084024435
1319418998
1916739471
1038897975
1870944968
441963500
1089973439
1400989223
2032371437
1010758473
209730623
1065416366
617361072
823115962
946434145
320375050
203237740
1740691059
1586350236
1970264708
497099721
1958012245
1730567054
259984415
802202313
663846742
1466882869
2127746515
82148926
421941081
1188615592
1301888547
863401297
910739796
1891480563
688026143
785970194
1194767080
160943400
1580654796
688843250
1462325219
1801198592
1477129529
939052619
576744067
2143240570
1715728295
467493131
878790389
1304705390
1399297180
1428793644
434771462
137147661
727813707
1785378034
1441344235
750082588
1975260835
1929315258
175505570
1399685355
727618636
1157583843
1596364106
1638531890
1019939618
1791244027
489484571
2043237314
1493131925
1128052905
632972051
1898277561
34181563
569836261
1018958146
1840607655
1929731731
1501418947
577060940
1760996800
1987408634
410927278
1261055749
592463659
1220932289
1399616918
1993187293
1286936162
1864659362
763080861
880814410
1716733945
1093426491
1145792341
934447485
757007162
1778344118
798164004
1038063396
213253654
614105534
582895574
1531146948
515527036
1602988150
311671903
1460231724
1502206291
1600526097
116242988
455862209
1065254693
1411233810
914172756
1842870049
1439184888
1763610962
1233581196
1515530439
1841977945
1887768142
1478724297
1790889890
295729838
2052516870
31633023
1651815421
638974731
819744873
2039250426
1426769959
457582704
1849494828
1613903917
873981724
1947547942
1137335624
517179396
193690758
331395327
212781638
482477402
1851276306
993774146
679524830
1131053465
636269422
2085763900
1266313307
269532261
282880308
1641963892
897438955
1931473297
60854324
1344758881
1769832566
685553146
840051219
399561110
977647473
584517699
1104590283
2104875689
786388029
914223726
1498484126
1677421060
1236149484
1247130014
1532356180
1951737698
170709815
1913346026
1378397383
630096257
264692832
253296193
1180657455
255228933
850677475
389624649
476322108
1874624713
147796775
272155550
292703042
745829442
1254031259
231371827
893607433
610912211
1227166572
802456755
1529076986
1531402384
1906340757
1124109188
488844891
638423948
1246391444
1124035005
989374644
18208037
461246623
745053724
19265606
592411128
530609930
1662204055
1503836398
1381654486
1605202731
1246802194
439284272
2059651609
1400496355
183746333
299069836
1824727779
1122984349
1007200118
818207852
101559671
1570534682
780906808
1753467519
2127410837
781704300
1520677793
672006805
537501206
1186947851
716250326
1932855261
982829328
1950573392
986215761
1181357957
784236464
1314918332
1855071101
769327129
517441980
1287765153
1186345027
765288316
350094213
1919933118
1489973291
447392523
1914358050
61977926
253199895
1464196739
1298990444
1921933463
124879856
1859022919
36089812
30490123
1532273300
1156316138
1981482933
578316145
1643564917
659676948
322359025
1254692421
758818821
1432193395
716900250
187563519
1552326306
1800553357
1084279022
33550800
260129086
2036569742
2124219259
984774900
676045881
1848245840
346481495
423352337
321718201
46027952
683464365
265400597
403000062
1440795964
884606171
243914845
143933577
1029197258
1104909744
1338195612
1234877883
406971700
792658819
1201775562
800090477
1686125286
1013950466
123670446
1066065151
2052497545
1425371333
1462002167
200361544
1365832917
1657948395
1060650644
419984283
539406825
2102578644
718879908
460834699
1779794264
926783150
496219457
1624543325
784216923
1939345398
1546429742
2071640941
71180426
317442295
1239286249
173042843
265574659
1779010149
22861725
283449122
712407414
841184000
911967431
1351045561
2133378145
214291651
100509906
710128428
187587781
1247633072
1777373823
188604926
1127146455
6793333
1362619452
830560570
1384176365
7213280
1255042616
410882661
2106180619
1105760055
1654764947
88845593
178414266
495975304
1762172188
882011911
940328444
584566083
1145602917
168590111
1028044721
1685119126
2088617407
354307848
2110478443
431517755
1157452673
91389891
488691181
567310725
2044343664
1202468276
832659370
1752745089
707214734
840198690
161315595
1858302647
1434763687
744853252
718425855
1718002662
671369134
1093425877
742030196
2031239083
1000322948
958078785
348822651
1615507209
1127358510
2142754417
1657036890
1568289086
1278889644
1298499024
401420929
339768712
1833762880
494050210
1919552802
2103534471
780356381
1634388833
717589665
276449935
995535404
464037368
948379562
1334096818
709547619
1210681219
2020229510
1693015259
779697757
22208539
2033032637
559476287
251464630
460803152
1245034829
174499078
1686577458
1371031261
172019870
1554004849
2016799680
1737892357
1176941652
400693189
1624219570
1891127143
391173988
482602239
1961166280
1125874093
1054738458
1984011577
1310277544
1864720977
817856668
911763536
293856130
1712668037
1550087013
1088917388
1040017839
2123739948
1577789839
471070654
930032484
1500464886
31125390
760824571
780154324
801096245
716864231
835817930
1250739812
1836818264
624776386
1654075773
1004755548
1548113576
1550419099
297436660
257781054
857125734
388743187
389649130
791345530
1987824473
1535533165
2030203525
1476953908
1776395243
963349402
81860245
237023078
1883066908
1261985453
770862343
783520134
1559106385
1920365509
2139840260
111084803
1939940221
1206837552
343709283
1417201105
544670973
1218601515
1524037647
1178373524
1001057186
208354011
302455578
1813325548
1604135734
1096500458
1392067545
85794114
1706641457
415001934
1021381541
1402880594
845829463
1882111813
979630577
1129211516
2070565284
863264744
1901755965
2010947440
2003654973
560933885
208290174
1857450001
1874631414
670259539
471232314
1564701338
1484688280
708162324
1117046094
548263196
858919444
460745762
599901110
574693753
728284855
1002681797
613049313
1984746729
604928350
1804681758
596726999
1548031266
1934489564
893328917
2093599806
828988000
726446197
1879237560
1408508976
1947160952
1897541031
758389265
1584833244
322580377
245038805
1218135319
768672396
1379764710
1900609242
615133368
1140759617
1357956469
299129673
1435562860
2115428323
348772512
979861506
111216254
1141371937
979895694
1488554618
1740422432
796866820
21341741
1358536346
942395665
614408456
1852637782
1991150323
1281561642
581502350
889996300
1188479294
1643141774
2119614187
858717984
1452722571
204688433
1058336089
791222440
320016678
735816821
1265954852
1350153998
497989237
765089754
2130307219
223940858
643838265
568634500
2023123193
1170437833
521273801
846972500
1883182932
146818783
2066340406
858928532
1309961999
1667719702
113563672
1254347578
1175091031
1749120558
664860397
1016149442
637309492
2105894048
620550851
267975426
803630281
138729488
702716232
1762165019
524951476
2105728778
1864264656
392373025
897163550
1430290134
1837177355
1201007943
316910208
749104140
1889830270
1176894832
406270471
19484717
1939777412
707867202
1141054785
280054144
307653683
502346556
333095886
993605991
910868261
391140656
587961757
793843989
740106871
884937711
446137812
1812592071
1151208021
1404904294
60706023
884327635
1294537597
797082139
759288079
870662066
1135299001
35504
840511611
2027890043
1240257795
1958611686
811362317
693234105
1492413746
1151426175
1154153872
1069736790
1380115663
1508901761
1570210498
425200074
132615856
1639098918
965741923
1985077832
1168363981
373732782
1033452911
1499426640
2085052032
745622729
1907470647
1160248856
1151357958
428740065
1136664075
752880232
531261118
1310765454
519814854
1283349106
1410081021
1270487746
494764080
983056870
1563001715
963266360
451460803
1500969091
1641328288
1338214418
1710240265
137713461
2127070555
2040425718
850249037
1916318776
544435021
1296437684
568937783
2036410006
922885260
1143916145
1322487692
1259630024
505692806
2019770883
1103346301
407007996
609574884
1135991044
1612129063
995555089
1408645540
982487350
53279286
1691681983
366077293
965248234
1144390483
81575913
215655415
1104990452
1265020584
730051108
1995850847
607564903
671199811
1020312374
1487954635
1281338659
70429527
799552222
264745951
804772217
617864929
171860366
508194444
530855481
260974012
2038110028
1959105036
946356499
974787901
233097353
1102677138
51548688
1658986204
466666218
1844742384
672929514
166813147
1192065772
114921323
1101644479
101714819
535508039
1586698994
355150066
353147809
1352439930
1284171271
595085116
346899727
643950311
784226269
87848142
712963447
1286380858
160797414
1864445532
226171312
1554911979
1981244597
392898816
1050824614
1272020720
1569916687
2116022056
2016454061
519309395
232895206
1648740898
1545245206
1483494203
1019966393
1809321037
1039861398
1713207537
708987328
1244333967
986088810
302413271
2091408352
598660532
973836575
1298210892
1023800494
526204016
1947980854
37301400
1729616186
304431752
854738930
2099623001
1241474383
1835382733
717647261
949014238
170497347
1631963718
2043926520
470603114
877980324
941172223
1935966747
1237229358
1644695713
1342111036
292304816
893467749
428424938
831564024
467501438
684843036
1935601510
1201582950
361159259
1753150495
33281657
2116993610
1581190722
1786592194
1227402515
727496153
2034899787
2039726401
954039334
1376283060
1970878187
38177855
1849826316
33833425
1649697114
1697390907
1305214990
170232053
612060291
945938343
634968620
905331303
116261306
967186505
635237501
603382642
203690514
512607702
205464676
914893417
764662131
937309742
818366269
1565420083
1405913183
1487108156
213807149
244273268
735025402
528707636
2115913902
1698900984
1702935168
1250507541
158722804
1218847699
2098850014
1797636869
1681916571
1577316687
1293444265
1035748289
1039489046
1032256802
301569615
1776148762
965742441
381737569
1304862384
796622432
1176725127
602105444
1155533792
877375916
1252578026
1969422350
896669278
1889284927
1643510529
346959864
1314653740
453125923
501427465
85796573
235509307
2939190
1701599916
1969539203
1914865971
810739512
1827566512
1626343303
201872132
1681784795
1067795014
76608717
1559742785
1600567957
181382684
1034774579
1638938848
494831547
1998402997
1319318211
1435773972
904931477
1593451947
491231804
1295140351
428288831
267100725
97083052
304597531
409551770
1307778116
723571634
648389310
990234613
630266734
1275724690
363298865
965820245
1738742084
2001966923
1078330917
771273223
290009283
1739560340
528770175
1230769830
1158625438
3954362
1583476654
342444383
116769642
2128969174
1440401367
1990805441
1716497627
283252087
327583085
1246369641
1590329337
1550761985
1286438993
89230604
2037043399
258065875
1981268582
2114097233
1884951409
2030950488
317952900
746734734
292995065
379850103
424596614
211693064
554714866
745225210
376220923
358520274
770136706
553996588
1982164818
474705886
959023042
1987037142
1025178425
596169430
374966939
1156603669
1990580929
1769636759
21154873
876195525
659386140
423084992
1047179943
881241141
1440940541
202641192
1471071913
491915906
711700149
1295037838
280810721
889902263
1549855326
574903503
2113985388
1095866028
216464958
1115726866
1672278148
1182625540
565864430
1038855788
1443202201
96285829
2006282242
1051191094
1964216651
1952378962
691129765
675534741
310641870
2119597532
405526144
1705712680
909809942
681817672
1165677023
1392860054
519899063
80647311
576925925
296518618
682451701
973574723
1325131940
849373365
476608251
1706218072
1586516300
886641502
2053760410
325229712
602360180
1061820807
1137259110
1576102316
705379006
1905758400
2029366183
2051863758
1256015229
181938560
838831618
258557882
329062184
339840886
67173896
2092573838
2110939243
1603519899
30385682
1574544325
2005792135
284995468
1424992270
701738737
1825059618
409680305
137467538
808316753
406927246
1299519460
765068594
1644338433
1620502417
414516376
1715782413
252231628
522586566
327331140
1813421124
1213228518
1957343526
1617217852
148629459
717852874
2014379589
1967881992
1277818627
953810437
662481970
52192851
1347556762
1803344076
2018591913
1640434908
720602678
1987414442
1593480006
269233759
380372447
1916689007
2085179228
1797992679
1195007107
1611056376
1864659029
642395652
1396549837
994438504
2006420311
533663028
523960153
1725466755
425483993
1674869999
915291217
1271249523
644598763
661043509
992454069
599773249
720239700
247760337
1113046574
1566428093
1462655324
216996338
1284825972
485304251
2123147168
1892636221
1899953692
1634673796
1231684156
1163586986
475702090
196421630
1863952657
108110633
1246610410
1842264023
1837989767
372906014
1374998537
128703466
1810992268
567984616
1135058066
1115468079
874519827
1102179370
1655932832
1769348965
2112413891
120729149
126674942
2062508035
1597352364
1382699933
251514905
1154127651
925285921
899010007
323782512
814299865
601567542
1090584030
1500179215
913061579
1199794754
1983934049
1534828876
2017649559
1483624401
533492546
195021354
752137112
1852461081
1949046076
1982234009
179153644
1506262076
2067430704
1064846624
1762076821
2135773366
1962821335
1035730871
542086892
1845140861
221901607
1282056623
1050880161
1680922311
51393306
168410302
2033661510
533304773
1556838678
1385164274
1044289812
236478618
1994520844
1367385468
448597957
1912781778
633869820
1879714566
390115921
210113214
246716111
2125651956
914767509
327697320
1405142070
884962866
176027381
1652885297
1248984560
389269321
990698534
550106166
759899554
1208286875
1335389122
1347406125
1349526873
2041357349
1150902963
678396567
506997343
1874638927
1387042173
826245113
959564941
1230825493
1402538908
228102699
152293008
2004940450
479074636
650142395
1393039900
1775854162
71251461
1590209674
135697580
1442082993
389010569
370244272
876937342
1996511471
811277498
1565000707
828673602
932679213
2030393318
1411231360
130743541
1271213120
76924677
223449699
1415153035
1593198716
1602567067
1172082245
1644850238
1495081926
1548446992
1956907635
748855953
139533954
1604885820
1318418216
995530316
895304335
1503952616
1870983099
1768736319
2057166272
1088668018
519179531
1742427033
1360681734
161514554
1070079641
67725590
1578822908
1486435828
1329915300
218375111
518303762
1042818786
749082420
1957550232
446688268
26707817
1699630398
1397479998
1546206726
832550796
1964161356
541133139
2118341984
1647041957
676452979
426276020
618814106
1665542665
1390210388
1933904398
358053978
1848321894
1511428109
806289758
364799375
1137129055
1853202104
1332492381
652212617
644548236
1619196511
634095979
953886398
364458486
299502923
1981902874
67833770
1324386979
744813009
80340729
1369775373
1547066167
269590003
331128644
2070545801
2125325424
1140077598
2040987170
1107554547
300662582
1679569885
1714488311
701615394
227262005
2130528932
1879998454
659598433
1056459315
339361140
244393430
51326487
2091745811
1056811816
625933183
278974353
918872378
365437688
1834263317
1176467401
2068279269
615617808
974146289
5184155
596643116
850959181
1626109765
2668062
1376935639
156720251
1889696005
1520632
63527920
1857407900
1649006754
502229812
1241030075
1208000900
603782412
2016370705
126864111
1248140817
1447575892
865907758
545738441
257947035
1139598443
1359681140
406115248
295865624
1252845388
859924665
1815315610
1014367853
1160116964
992906621
750395300
1820149508
124929295
1127330353
236486143
1677768786
1571893377
1243065869
1138439797
1075196803
1045548474
781240222
210808052
1335240662
1066937623
806413254
1981826529
270021300
135621725
1294598305
1568411634
1362244947
1906958450
1172682286
604389586
391259612
1873295806
1380775150
999765338
1431864921
584581806
2001722174
1819657765
1388483766
282194551
2111257325
600528297
2084427216
1158725988
1700184431
1271641786
634149079
1512305895
1250394449
1718576279
810081720
2114990708
1680790565
679750957
1223687995
1092714669
602602739
714650400
927325506
623796870
1936162622
1332542854
2051635561
1716756043
601620484
1623459018
1850433655
1363673363
466702609
1697430691
1432589012
1833077990
742655414
1176357561
280516332
707121931
58150704
300526390
1395593900
396340088
2134913940
699587165
890971381
1367162403
1193389894
810758808
937451819
204489965
1385615814
571538756
1838781991
1307667245
157521044
1369984588
590624773
2016526118
308233416
875936918
71550480
811263966
418711230
1505085579
472344798
1605055502
1856083126
6145764
1811685245
2003621670
1125725512
1732999373
1603417770
169964115
1656786747
1722303667
512716377
119981692
1949788900
1620809998
1623964955
1375804465
1578352613
897565349
516548713
947173086
1561494585
869790407
170352678
1949274425
343100550
118141328
1788654373
1113608989
1075810330
541302922
634652959
1138198263
1697074482
966115862
1605552029
1145557790
1593542980
1701445067
1574248233
766233877
1996085192
880500064
911050312
562429123
224429561
855588113
722329161
634973669
131745176
953032559
1672647046
1272108031
1932842173
1992589513
1967018026
839484883
362592574
1948191690
877115169
2076914112
1906163099
546037347
230618765
161231532
2075537054
422990406
240272609
653913666
978108649
749536851
1947736496
1064842578
1710095719
1388273653
273428844
552035438
256015878
1654507196
311559668
542138640
995776981
1607197202
1447423193
575930366
858973983
1620813249
975726977
787241475
1180297897
795249110
504309698
1588929428
2086192267
1365891245
2028575245
1054431712
94687793
1319331908
783838867
1356667254
973512914
829988945
928519212
700718981
1256819327
573104823
1141889265
956256061
413346900
317352459
216044220
468838858
446238274
88321344
1309080908
1679893180
1209538024
1995772792
1298914133
1663906877
1872623593
1114959957
1242978794
71918147
2101551132
653519741
2066989406
1432358871
1814008968
821603481
2120312169
1399765771
596946474
1756397073
702582316
1838398049
1467948538
98587241
122891690
1344905244
1420752614
1635184589
1263137149
117120531
360262923
792133330
2034208236
129670528
194374789
1784647925
272376952
919957305
1421134462
1768809144
1632466266
1541216923
2033847768
235725634
1427252482
1472770988
1655472510
492672215
646872919
973716747
1507436439
1843096250
754361539
1047234238
1306641585
1545410690
1138545347
1967062559
464337737
1654833215
81082220
960961885
1853052387
531908073
1155981125
1806457782
1244450679
1008857240
2058270302
1644874307
820504535
454029975
75862429
1314293172
682099235
1920833586
1024172027
911285244
299165233
824473729
1972721621
2116317635
953142931
1253236225
1305807528
406396324
1798748785
686198690
141211170
813605616
669233376
160486864
1002216922
34362907
1461691581
1753176453
634813182
310475142
686868723
457028689
1927007383
1833453064
506551598
220199842
1274161555
1633643865
1311054610
40437901
1069646008
1853254968
252259282
1558470061
1249078754
1528260976
1837226564
152070495
1446703392
459128413
2097604549
1345622990
1013461951
428327021
1401943784
439278435
427130877
2092766927
1338870604
703543186
1799029208
534400961
504163527
241462056
283291294
129065675
642026516
1247346532
1618848310
1239434729
1220453127
496552616
681664401
2044035270
860535902
1472211218
1766774208
862430164
154662376
1119940367
1580647536
483924007
908579974
633151227
816369582
371565526
560401311
1509242791
1976493540
405931938
541548924
755878056
593453787
1339986095
58035322
883672380
739071479
1323405181
324129193
1356903146
1369258036
1838051262
1787989711
512698642
268705732
1935185340
790899647
1099340688
506278412
572540924
733849198
823468504
456091556
1078212928
220604539
1416522528
1594802996
1213621644
1515992871
260181544
374464080
1289258828
421863739
2016381263
514916006
476591385
633684933
536872237
1552029005
2056475184
2125986736
1843290272
286687882
710955554
1199250882
1621757069
784683984
85041651
63736923
657686323
1331153525
1843475228
1158657335
1476446269
1629967445
55315807
512201187
2033734746
1706320810
1276097805
2103848621
279584804
323127683
1284599357
519473916
2105057082
1550809207
368251996
1948114538
109753183
610669521
2032992762
575111392
20365613
215518792
777684104
1128858178
180212047
196555869
47863598
269380592
316265744
1503721629
1618137137
91716600
1613393010
827566837
884199158
1317790926
1938128157
1598083502
337614736
362458488
565749180
1384375898
1137732903
674694398
305623740
701552481
258153934
2115914823
1959749855
44272639
809171468
395793237
1918385693
2098354882
1703151012
1508854118
1943678216
1276443660
1688781712
1081441144
1259649071
388625783
1050107769
126474829
980907886
596085317
127868328
492679893
924746719
176880882
1685622008
1201067667
1057825529
1342742165
724465158
583974762
750384250
1784200998
1705751472
932732990
1416013715
1103067624
359189787
1284007057
1098171456
110304005
1489702128
276943959
314620080
1170565983
2111140161
1639701916
1171893202
344176679
1822243259
78246739
757592413
1976708939
1995504983
801276980
1759806538
1124916276
2010520518
336690870
865254453
1753232204
1487623125
338347706
1776623047
558506742
142091589
383065836
624761051
155134193
723973223
947127270
492471115
240439914
2051455453
2000529687
1103713321
1476002717
1051005821
150843831
505176410
1658379122
1344824088
2042659578
1639995620
675110574
1055237163
2020561324
1581899349
2016542970
433537964
1891325675
415069270
346202612
331869605
421403832
105861083
126867510
1519935626
1070095863
1458136868
510180577
1931393624
1382690707
1608565264
369541649
818328256
959164542
580449021
746811853
1246948877
1788955416
918570876
636892945
1410305650
266607325
281129401
1715118461
204472452
1578384028
2018944761
866962504
2001816215
233552750
1683838204
1271190821
1276632122
676029668
1052797510
1324290271
617523400
1774188799
732174422
1641284239
1615316176
1301568685
307567401
2059785419
1679964649
1365668145
500086591
1176485721
947861998
1562377765
1860328006
1802141355
1595732129
201358911
1410155668
144870965
2060512057
1599991623
1020994844
798739231
1712512363
1212627295
909522802
679348951
1471823214
1219678976
2002900566
893584958
2114231326
1447274384
1329112750
1968615305
1311976054
494228512
1906415506
2133193111
347602471
143912622
246189806
720562337
617005309
1060007118
1198816704
1319397173
1076176840
774623017
1688482622
1912654903
749246388
1121204308
520515772
1605639576
624522672
1164548215
1825252704
604662632
542838269
653671196
1195454338
750620819
1219154470
697678213
1481767285
166736539
2017238703
1755925673
222575562
1933088117
1066784236
1676494424
531139342
230589342
203640099
869150998
865924306
1392366942
328646488
841379161
1034034949
1729290494
1468123651
1013773162
852172726
1483115862
1823179133
889773778
59735796
1393356178
1650095456
214593780
746562741
1437591965
2090593482
2052621071
1691611782
1260347888
1081201397
1461932776
1225013949
1020139052
188987698
1487072484
359111761
1677042024
1891819698
1020437858
1073188762
700850504
839364425
1530958713
1639404217
2013833267
49693734
264942527
2070053463
66301439
792078749
1170925488
1744643225
1897274143
1441125671
1428889090
596769516
958396544
641431319
82372678
1670167495
1537424987
151643085
2066110929
861437635
1736796256
1795395498
952678369
645089486
1381704481
241450069
379052945
2100107252
1465240386
1835665096
252966174
563982634
111070156
1788201032
1484187231
492558133
525543292
1389212950
154331517
916184457
259699589
669380153
1779768715
1044810308
811332119
1521333973
590504160
1555657154
352039320
247795833
1369018209
693563284
1934721420
1602743132
548458619
1850922747
953226158
1459830559
1642390796
1356069487
540325297
1600913108
690597499
610079619
2064273124
332057068
1650362408
2118527826
1854472111
1949248797
610423183
1707259909
404772399
1999300314
47487252
995333138
114759935
35795070
625570984
988971593
844114276
901759622
1118490186
884353371
776448792
2067672679
1720739362
979808458
944268685
304122187
888177298
335976587
778614429
1814049829
2114721467
1276800630
599456908
2046932938
1167428757
2047803600
1702122244
331017539
2058444384
1327443174
1058860403
699580578
788201276
965552737
1934735635
712342787
1262916784
916441065
345638370
407452824
475780867
704992514
2057518729
709691416
1737839891
152228861
1814306295
691700895
1053851864
1973705078
845941564
1331459044
585673075
259639857
1582126119
1590874665
1735818467
1916708125
1429289777
1266317562
411131383
1551736354
1616236608
968379689
569905316
1338289688
353118828
1169256925
2014963377
352391146
2040772144
1208419246
893889649
1837496507
1063177147
1479330779
1744372841
76884091
1715714207
41503338
795968833
2001605156
2012314001
1436754268
2020071332
1150563343
1676461647
1980996371
1037338273
1915040994
377949143
578771347
1508254085
81650945
1848261220
1202329775
281801133
477402157
641893245
1013314019
440924261
434311994
1277381595
625646318
2123590361
47430555
255134887
1828125251
2034820657
445976931
411098662
3283283
727862868
689417581
1488137252
594922542
328989122
1081024437
1952018539
1045841015
1508486164
868792204
1592146330
1295447977
1568202391
696894332
1304402250
308236131
526974515
1630132300
267049953
1113821510
475536974
1646653316
1338039892
978381255
1110145164
1204007413
661017718
1245575024
1067462913
1554492080
168632127
1173065524
287338167
1233021557
1325043605
1839829790
172156234
1261924652
365064424
686743352
1324818500
124272512
969119317
1426794023
928300006
516665713
924913237
1033582379
634334665
1322524363
1361353551
1020332952
1638763098
935753130
1681410577
2008432717
2060539552
1226659713
1554808603
1875051867
1800370669
1304260224
1751452142
357984237
1179997396
1054086939
402336794
141823914
243924713
1130760663
776918907
1982405670
148202370
1593870950
619516392
1646742151
785505162
1399191711
2056526812
1344176704
533735625
503197099
992744290
854563703
1149191972
1942427399
351051620
140960422
1362383093
1572674224
485836019
1801163961
350687078
1160337543
1439265284
451732493
362353968
349601306
1921419883
331113629
771357086
1632420891
1479385939
1097206742
818085374
1274674152
212056989
1657955995
1035839507
1197835053
313335698
1656940668
1607083143
1329138563
861701980
2071036478
659640243
1346278034
676759477
298207529
311319547
1032897409
1279932509
1901073953
756628354
374721987
1737559153
1495077745
2042438867
749042357
575892649
1907793503
327358539
1422981273
1203540312
1557239561
775239247
552019014
767355617
1225831577
1332751786
1033289737
470686587
203009581
1645638945
708426224
970779692
783849228
1196848502
246053515
2140162816
1295543076
2093977758
695007372
993578204
1590170777
213001786
1816921824
171226221
681831731
697650386
686671067
1850159299
1032958580
2029409519
2125395328
997363216
1055081676
1293603458
679439437
1442795694
516750792
1369894030
971985615
2045224775
1177439894
2060088183
1641192364
270816102
1855528764
1737562995
1887674911
1525266867
789697329
1493601474
196506157
316676057
347652468
118208207
2022238406
1171094025
191547677
2118376264
449516695
867082135
2040099527
1482526700
232780990
1576842475
940565749
276072892
1432527227
1765688241
966628561
217013116
1910055919
1130019775
359085003
1493133763
1101509447
1585882711
1477939728
192073931
1294044824
990627452
233535455
1208324223
1779915809
2040278311
1248358258
1365471602
2103865956
568838897
2131274753
1111315490
1302056939
1272765263
545704305
2059992295
1148463753
823451711
864837435
297466992
1590915840
1434805446
393451277
1939710509
1574686828
826630031
675801072
1740906121
1149796496
1819308359
1892423612
704355783
441855360
1214306029
711579185
1194021617
1649957325
1437260344
1936022488
1436328865
629639524
1436378389
22077879
974785891
1470900473
479046852
1057796048
1011883471
1469845641
1383014704
154566643
111047685
1494275214
2055719313
1259956851
518146637
1538493715
323736855
1479016616
1755034294
608580259
776578578
143856603
1750912348
687230817
1224536777
269369675
535935137
1199486282
1981909355
1244876354
114461776
2098413729
1138081482
1137843067
1190411777
440620805
2007122462
303238355
699343253
880418111
2142527998
1397365865
93008568
771126197
697905830
253025970
994332940
1143154508
1109738397
85444978
1717406927
1100931888
892011130
23142323
1701511536
1628862866
806615696
284274037
283211815
167558894
1004160785
646665522
1171984493
667640981
460992535
733356331
1828229468
2088031641
1156357113
1385290448
341049513
1495455388
1292988090
926715557
1183473600
736844914
1932946495
1114426290
832081203
1162345184
841048246
1853442655
981663225
469310370
1862412357
1919132579
1068607832
887933490
802576480
793614410
1685836302
221132966
363671549
1587619310
992734472
808161708
461675885
1342221999
163685358
1539262264
1506989470
1164807676
250395428
1401129095
1971648074
498929679
215676689
349003135
1703262757
1525528452
1021245265
922742138
898596776
267989771
233145310
1391872852
1412449256
1469339660
226745673
1051488953
1200161313
729891973
406704356
687938032
744323252
836360407
708620417
682822914
1116798779
1432825597
1762404799
1609670185
2061533522
1386631729
174448245
1208730029
2098136885
784052733
1603977804
1925945653
1768836686
1500933801
2041694330
402381806
1905159493
2041013242
883005915
1847065149
1891467908
1870837706
665651448
2081066900
2063878775
2092247455
382935806
1138039315
413350329
1229080950
1029601019
778178545
1967430597
1327889559
1388264159
1682966466
271689422
112250389
606531133
594239390
1173789480
964703411
1885329371
245794852
76645338
1219208401
987689422
1729734155
1200254359
869903739
439233009
289535470
1260662669
186577536
426548517
1254537970
840802752
1944696477
2029278237
2016895489
520614104
1862305864
1657537653
1462081903
1951062511
1439368436
291560890
1881307386
1916987885
1283282177
918107242
1492708619
124713179
1414532990
88199366
672457823
191325272
392021768
185269771
973630436
317643142
704829122
1459784382
706373366
127304308
1817580421
1811977675
1212350090
1417126655
1888510848
7380677
702359879
1772613866
732187371
1353465279
970246259
470804429
722557663
986129790
1393161712
87288340
1825684696
198037332
1817491573
364207432
1350599815
406730858
1905504255
1481197579
357724675
533598349
1634394668
1714765395
711482967
1781202994
473679753
1290791614
742765077
20140955
1279669157
1077623269
379498052
1717046905
1155211392
1946169217
1030248313
1275184903
223539223
577408948
545851621
343597208
464612816
1403845333
1680861821
201855062
745499889
1213735663
2132353737
976535323
497169408
1250657786
684721411
606589910
1433583700
587120328
1230990790
221856680
350536891
626042965
1680655607
73919114
571654590
1775387927
578082278
1335277337
114783792
1209029636
1474898611
1074040642
1973314837
862423738
1691488221
871612765
525357248
1052716529
1071984383
938813741
675688134
1082540804
1372311521
1571490157
654703795
1479416433
833916166
614656013
1793496146
33360660
74453007
541366118
1703902819
1726072016
1199700982
184078854
1126487551
1187186034
1698190153
1516250191
1732947582
397129613
1705409430
958310483
578064207
1729098173
1757809406
99448483
493918879
1321066422
286363340
1329242943
372125490
1748045281
252523649
1404244624
1168820892
1954622759
1726725372
1240317997
409893915
414871927
399906824
2099216507
928088614
1864993752
2084908959
1743590444
495530317
140602835
1018803462
132895148
1041784008
815092231
583081329
1263293283
1305780401
1564418057
1700058034
17510172
768683926
1179624838
1436119459
641322646
1424024996
1367050356
227652833
148914812
1449677647
774155171
627970484
288986468
1337447911
1082764315
675922806
303595932
1728239765
1969966882
318391735
1614089582
1934057740
1788058133
358034797
1572443786
1123644179
996117105
1557552907
1316051394
760924543
150970723
1136222009
1758278276
420436677
1123978960
647516229
976909511
2114984520
1998326351
10921757
516704136
979848877
1279209016
1727546240
1387228606
782474513
507173851
568294151
35837989
753307761
539664447
182126789
1601820288
1805458053
1907030560
1231347801
1834342528
625801665
352010533
1984007535
1984370903
291667808
278923525
2097117852
676780388
362765656
1954993282
769001270
699401341
1242352739
1985790858
406434594
579203370
1240736385
387837737
2008699324
935788219
1033822404
547368635
1224226572
312949854
848807827
1516895989
2136260353
583751760
1864542853
162284386
793310049
596474888
1076239616
695624496
1762302776
221676145
1806299133
669741538
822893031
2143019748
996437703
694814624
736140468
991612707
297542695
552070876
655899202
1341676280
1870668567
1779080703
555594689
1968567646
113448472
1406315843
1327548262
1042497860
419830392
1425180695
1635133396
287083726
1239466343
1678111647
619223277
950415451
959404000
151629874
1902326093
2120244653
1246626587
239157082
264989354
841242687
479779718
1952203759
1545198645
667982314
1019048404
1268811598
1921953229
150339213
196677052
1982095924
609496145
2014224618
2054210223
1618911002
1768100799
2054899989
1163035689
1583932016
1204606312
1992302192
1636104060
226932672
890034048
1980501292
1489603917
1857778
1197366510
1573599033
2074730193
1347635682
273909481
481889115
854439242
1469730291
7401195
692857453
1129774586
992062442
141570963
1932294115
165556241
270137748
1722963860
926042204
1111183880
1597321244
2135547476
77183919
734172433
1760202593
1294730192
210036684
282944527
1395471459
1626865945
34998658
294889687
1631788089
1631092069
2012712759
1231897300
2080956525
1942547628
700493714
1211830493
102979561
1083192063
1319801021
1179449913
1697909426
1823052936
855860393
462933363
1939269956
18338927
1270431683
929262314
847605460
18318597
1302446393
852691091
1014737259
457912903
89113594
962819443
216215516
762582528
1778089303
1117083264
1911894202
1876545958
420466139
1180932728
2075379861
1578166412
495493527
577725817
337547139
216844368
1232725458
1142659809
2056112173
1029162199
1431547792
1219084227
749279229
1502786335
2131346838
1159503158
1170866738
126207908
979516593
1609081677
2091117711
1044244683
630465645
1280771525
415031740
24151956
687344197
770950291
271908046
1698943250
1250313211
890794031
2025534873
1953946803
205933232
2118344489
397189820
703280049
122074580
1022659663
446261950
1407250897
174485028
393205610
679639373
323456512
111014509
800745273
205346167
1758315449
113887225
154147601
68452651
586359307
605176189
2091032086
693983796
539776662
408825213
1422952172
1503223679
2038582983
1283311826
1320428069
2104702389
1889986539
51240574
1026942441
173860101
2132139859
809581627
304546727
2117968204
1290233640
129744903
646693281
731430102
1741835387
388689582
971606936
1360677605
2066704509
1673318033
1896481137
1223450110
1127267341
1428355022
1356443539
909130878
408843113
1643365908
2079214927
1779291692
1536027019
306320545
1642744271
788526472
1376070548
884038629
549663613
709834695
258837160
800748950
328219540
1811068988
1199834702
2015713687
79045830
710860518
1220716698
959220027
1085907383
1415225126
1349082792
2102279107
877087946
730006075
243579047
1554200218
851111182
656720224
486324867
1676442968
1111130282
1170138116
850147996
1660903970
1097185997
1666408800
1139953431
2089342150
1083631392
687146780
48952623
2030991260
14975411
1091839369
1361648666
1519127913
1594755516
386318509
1889781507
1912619987
1623050369
307748695
592947805
278039040
586865346
1093417293
806295509
1161367267
1253001763
748340859
1904042797
2040208718
274183083
465118277
1748765946
1699064416
1885398081
579462814
1238953690
984417056
1541895834
488481227
690653969
1357384244
1538220108
1127295066
1315158544
1644817285
1479873686
1109436206
1267056139
1899011738
1182038591
1803598647
1469479018
820922289
1088696774
1382925459
1862500609
1010656041
1913890501
1254616904
594349138
461435380
1272478158
1565764331
1598314500
597869712
2066769086
55145722
430985353
1498615904
874757603
1741794961
420631216
2043018499
248684032
2114725802
1414992935
377684147
126339120
430389634
1383027723
1702910999
929461971
1851180686
296665261
103373657
1264368557
1001043645
2142698887
414632784
400506099
1096515030
2046957278
934361778
195955888
962325758
225713082
468792878
930059367
758364936
119145041
1099555548
1937434238
1080441628
675890855
1089042120
1679245027
149638404
434411828
163306563
1532520208
499283254
1481487261
495756805
1161911921
489574945
1368027564
1485817383
1785398605
1120666457
1706689046
1489053082
1119476904
548057423
406763255
450288860
955004867
1696453778
82402294
734409266
1329426480
385851536
1391254090
1621981819
172813441
1013522026
1003769414
172254015
263474547
86101240
123551132
1749226958
702864693
560139579
1021848857
748775334
865007028
1136220934
1421297414
377321914
2066875284
568623085
1480658657
1011420964
1382892093
1188580288
657331082
20064762
286575727
220485755
1623634712
1692374233
1199829777
989843208
1389369292
707668774
263350426
2092347313
735926031
1107316730
668866210
652782607
376072472
1787520797
1673765139
1477743146
1247652214
292309873
2085676026
1296514771
1007573237
1278647764
458033507
2101475167
199063897
1489319080
1025759
1984333181
1518207186
1087967003
1710620882
469011483
1061528896
509249724
240221019
1344850709
1249305937
799706409
1950971537
1635475927
2058697516
568091387
740632763
1908325631
820880600
761738349
1330687789
600617717
2024632016
1869746187
1675392926
581605400
667322918
2101555470
1437809523
1786861959
1341595
1375234709
172290861
629514332
1538634777
610728953
2012899315
113666096
1218308105
401021260
1945569797
280672130
1028938582
1800001936
1454625983
35958514
1718873086
375944511
1631254330
60058238
1068996945
752723126
1363944339
1568541510
118658755
1815067754
1669982779
2144982897
1447803654
643055639
701199811
20126436
585901619
13627394
1530797016
1002846762
1931211074
1781555717
1533937914
1782994513
1298817731
485599190
345758571
1557261740
542720041
1410339934
1369900298
1974087010
1373917451
1321597165
2101029679
1496016758
1135776745
552038183
754442838
1555675356
1194660398
891346789
227707522
990993405
508030324
1579773366
830253059
1840317097
609441148
84001054
1352554282
1935963142
1917937615
2130393016
1774218678
1638093322
1133422209
562329552
1576977550
1578236646
1146495759
1817806800
1022724324
379999897
1078718498
747275411
1537369286
960926016
1370823008
1294935173
1109965829
1375648188
748123743
1852661499
1244218830
641569633
1820019601
1539220527
287798739
608662048
1958447178
2049428232
681977494
2122526922
1155109664
975435965
1905598686
1645211164
118661567
1958448512
1532471912
1613918467
1948358715
1353867722
1539593795
604354828
1035356019
1004391414
797941634
1567079119
1802348924
214949575
859767269
1636736372
709076411
1308380693
2110550264
1056366304
170478522
685212498
1071359217
1471853737
818892700
1005960396
1821158378
1505862600
996035647
1846670945
1588096355
1661622844
244767835
214207261
31720018
761978058
724677042
1523409016
1563478833
1706990605
1901504115
1845794955
470784740
536852248
569350243
363204610
2130552430
1743542098
1122069941
503146656
895487658
1640016916
2046705280
1550807469
1592905897
338476784
1320387627
292339886
1355473317
664745797
18384510
1305491858
501930728
1668925288
1325720077
1971965522
1174323473
1579265010
1714498010
1976121257
1598676476
1218389497
739514520
1284550267
2060973950
1805333706
1161601796
1445511630
1574021870
894955889
15385014
652419732
1619290579
1293932192
1381202332
1531564196
1004144579
297518624
1816151806
1008394722
1040596661
2143864710
895979624
1652717377
1004720169
1348454184
956282516
2063367730
2025517040
1786267678
649188509
669193758
2018771557
1374792748
2125172345
1368145521
1856452579
362991297
2055600165
657429747
786274593
1362092648
1039499360
1512071739
784196059
659765117
1369493327
250482307
977659035
445080000
195704843
615733507
2018382698
1302909291
573637047
212146099
2083872022
563033234
677349922
1774782763
682814328
1597905395
2091581068
1996661357
1296227043
1670973744
1720984209
1192258454
1210255295
1418273421
976356860
1290662826
963039925
1894306265
1908209800
1616275463
1255032791
2106410583
675857879
532527456
1062049192
744903692
1307770091
593537823
1151651204
107552398
85099451
1168877870
392638490
645987373
343427134
584193526
964854687
107350470
223605527
956872486
707894795
535689219
1385201679
368210885
1481598070
290684249
1846933650
2051507264
5543960
133787823
2037769564
1622282167
1517301183
1603601534
822387738
2059751688
2067046831
77115136
547168221
1585614394
377484438
656464714
200127868
30597090
1273920583
2091582953
645829381
1491057533
1959709156
1478194859
1689772806
1640213971
728925837
1619025891
1681841482
1531347536
237838299
1464863529
2132852618
344186841
983445135
1073443310
1897480853
2056480780
1275518249
1987818578
1978491963
1904951559
947422478
1798466760
308639300
909724876
1100986929
589143421
518002752
43345740
553960348
1144094872
257650620
751513594
1210382166
1407364770
536064458
1877812725
1677891252
1112011857
813650331
406156008
1708432023
896828484
355124887
271815980
1767766089
719450779
347477676
345418104
820000391
905918244
860556641
292819737
62777669
314438556
204363649
676363065
972240030
1091902661
1138095947
2057402082
119578673
2047375850
195775891
84403037
1757156465
1308598568
1624729120
1526886123
151132370
928696884
221302987
1821678250
526468350
1145786423
1929341640
1876588540
1393112693
1978775005
2048910373
201465825
26159613
1988178351
1421166331
1897907958
581537635
1154433736
1308719000
1464835547
579447969
168650182
2074822097
1067745387
64299408
5081821
1554072983
159782412
900111886
1668630478
1407398342
386043841
943403796
1368286468
1953614533
1548583929
1737938725
688091239
742062677
2100681646
81284576
2102844134
555051059
1802460063
1695091498
130603449
425128282
1923597855
760053924
436902940
1600078641
883875465
482632277
1723759353
1219609234
1917961497
1455739764
786367272
1237290830
249073114
1076909595
468445545
55582187
1898381827
1358441512
2064143121
2066175058
219036898
865245963
1323470080
1605934252
274411221
2066523577
343841591
1443526013
2115320470
1514753000
2079087858
31154257
219202641
1993941307
1084010657
2009321101
1174917127
1788160074
1589891449
2049619870
846229710
388566247
1403734079
1527414613
1206126608
1908475934
1604777229
211739955
581496958
833553818
564535705
616626512
928953388
1546174715
21850850
489139151
694132163
1557291663
728107756
266203798
1978641688
1659020180
38949288
58518124
1401999377
235567678
1352569315
1864781468
544328991
374597723
1959017803
1692683840
48683865
1812910909
1012823068
1064024105
1799741312
1713036835
1584701583
1734622175
786804505
1833278533
2115688446
1631691597
1233011514
145680395
1868874335
799077165
1305274102
56777224
344676522
1282860394
58949248
1468795128
27923506
328768729
116196160
1261703769
511136910
1121390066
978753235
567013748
720972383
1119670183
762085319
1226368235
1936084192
763420264
957614855
210900442
108686296
244385193
663059293
741112006
909965521
342573648
121747653
505985367
925432403
963974408
2023645237
717537811
1582625683
700895930
1780111386
2015965326
1065353091
1723550614
2093052895
2049041552
2121330198
1786384041
593252337
1931861944
2120762071
287020477
1901304402
2061596883
1703452086
1316365807
187118653
1724254984
1990971453
60113533
1410026907
161242173
176288570
725345693
1946342296
526406056
340518905
976749404
949385920
1412279005
1839218758
1582709960
1020703081
529582716
257674451
1883800101
350423104
222236955
450205330
933063394
1472628712
1313953089
922791037
1270992368
618406919
2021326304
858534940
1910402541
1963900702
541557467
954156972
464833455
1128333603
108938744
1632211080
1841456772
49589219
1896947980
361503296
1562960999
21000465
1318031347
438088480
880721716
1275203394
1366910838
1077111711
1546414957
1975674234
96505336
1923954546
941343992
540528961
137846171
747374031
266121159
1462374483
484848566
1023063448
675927963
398007016
1076273703
966898257
1627314962
1784296701
1711556581
1308548458
1474498864
1173830527
773994578
1815806133
593875534
1750374809
572873796
2015457157
877696602
1060774738
1639928865
740974773
1082153475
1849475193
689831016
1760443939
1684258567
2110738646
164226953
1854521193
367698
1298948086
96609810
727949589
1257435389
1919888518
2073259259
133135933
600493552
1636513508
1032093527
1212663398
1239259794
269025060
694343214
1397927038
1107347695
1659495349
1708370528
943740225
2027080802
464681126
1195246339
1294851473
1129885593
1724617544
1542176670
930701234
214160482
1416905494
342484310
457486256
123624771
1158710604
2020302415
854165838
166511433
1818100100
1680517679
113975654
486017888
1936451464
1014996133
510698296
116235692
1299085813
616995798
2002322067
425281044
1118942023
886591106
1895709877
1716316972
702446002
1542145485
2116071673
560691335
2014075639
685674279
1648663212
1398670527
1231625185
1360718569
1194235940
647844789
1437934172
324780209
1353014477
1029219900
1198185091
33421266
79077356
10209411
572625642
229093751
1987569466
662198081
1673024310
2136761661
1344545586
1044894640
1861350721
1147576796
1028242308
1421684475
1534788202
263757287
1180404179
84793179
1392882110
288662257
1849007469
1169783852
20970586
933618485
445737839
823511672
1319636607
223882019
1471846158
2048467385
398321084
1733503267
1217386662
544939554
1199967434
1904358776
337288011
2068259624
2108144224
790104791
385921728
1175598259
445243790
1927218097
544193799
188225963
1542410065
512867826
1093797989
2020176015
24803505
1428358511
206877614
1661604006
799559996
454543248
1785667317
1535661694
812932767
2030042190
1342549292
116630475
83802722
772557340
2074741734
1014314475
805966712
1374577521
329032508
656004897
38631321
61637113
1708773954
678343536
642566275
702921050
519950374
1352494381
1810630502
1970037723
1004126802
849735669
289829773
499598685
747358563
1947490669
1944709110
1159873030
1701866950
923891477
271486315
1930606138
1517596301
714781939
504190446
1524073735
1752164469
1469265095
834945510
1682513362
882793965
1625871360
1853843630
614168173
1692782275
1873479366
473469268
871088334
855549676
1696210054
2132130298
1722857137
1885603513
940776373
1703065586
1752903826
1577747231
168895727
1422614310
902549380
1946521057
56233098
1639260782
322182042
120080235
1174637093
1381481962
1177229127
1132772164
129095246
1184967945
1609121557
1648428858
1976882493
828280786
1245358106
1749511684
316238661
1957434690
1862198213
1134151177
632548445
404893817
320483866
34916495
518142855
1127921002
430295622
706741857
2036535127
807637379
1218096314
1765611252
1389811718
1654525282
1889568868
691070094
1479143825
1086738298
1719010999
1920223057
29989548
1037576070
760601218
1356831234
808209951
1152502271
1226449749
699416654
1291143971
245173034
195570939
727502193
1025666575
682459664
1357812440
183896218
715865374
1195760684
926234486
1632881895
539503078
40429503
1314101057
1894671377
1295137823
193348703
178107242
1961336600
1788162011
219631501
2066181138
2139904426
1414017312
871090250
1025505031
1545783219
1824015912
1392327967
1615431169
252562231
1106685649
1192200114
2085565991
343424334
1987453195
733977004
297512389
1778382273
1538558448
1998689838
71394173
209594479
163509875
52034099
860751531
973854962
168758666
1494445963
2107938290
1632579673
271211941
919682686
1111325484
1343779625
1953763117
332766595
1334970388
2138494273
906079836
1903113883
2079068068
281110186
1210349937
1182661648
1793445075
1202344692
1719352711
103961221
358978362
576248268
1629735647
1670462997
738387676
878094450
524361499
365723255
1223348472
2100715117
369758346
1688930984
1323840925
1720393251
1641846814
1647247080
1489094325
861898182
1056370752
1577374537
868953293
1449288011
1102110359
1854549809
1579063631
1453889683
895890404
971356653
1584410889
212913865
513408924
1529250841
1483214966
1270111762
843480948
533376775
1078880908
1276564041
1902255390
1809523990
1835909253
1846312412
1142468170
425058647
1350814471
1251179484
384224661
1251543902
17171042
1087157696
200511904
1780633968
1481525417
1434067776
998469035
1220539167
718983311
941351984
750992504
830931671
1713865370
1338582972
1364905408
1747101844
37528730
1096188268
1238112570
1694896453
371643265
1935165211
242700596
938732432
550815317
1494510823
1849334251
1252733717
2001596484
1206531328
154802119
1525426026
957016974
1335448494
505340840
1725801888
440544358
1205346158
767056961
2088609992
887501982
1034770661
415849401
1768533316
1379904088
717347900
1817769577
215924702
291559252
540182521
483639505
39192163
1417157487
312232427
2065039595
1909218210
1140852600
1804967121
1636210000
546612418
918206177
574027185
1497898294
1221566784
1878133875
631549354
698200030
261759773
202365130
1668086679
975928720
468157089
395100556
754074576
2019450631
1058159193
1574503172
2014356432
1105253146
2104442696
1354546879
1303891953
526426804
1532529755
1442413376
631629034
1827357824
435721324
282953107
1059344577
1361441968
1327616304
378349151
1411115847
1653426381
555111576
416721596
1536471304
2133983686
1171645876
1679530101
358909320
1243543808
1261414007
561647701
935645006
1106366902
1034469109
69264147
1750638713
466336401
1847636735
147470063
1376196464
1228903150
589388219
366690794
1960267277
293224031
673773098
842115152
1168294871
1665341760
156742212
2117396334
384173724
40399421
413457856
1035716009
1540828857
519593943
526381367
1800013182
2009195755
1458461145
2053928452
1567090717
1097645307
41292
1280848391
545538977
356620735
681695021
2088613720
580828032
1400093772
770921966
1327705953
812269156
1421615592
1763529404
2010732126
2065523699
2077045073
492185591
1196027668
1368188673
958581229
90274912
215633409
1406494471
842185166
1311171934
1099150228
1106698708
1122781174
1810159539
77231972
1971722657
308124538
597721024
21919811
1217465184
121715649
90543908
312350063
812507121
1202978230
355895607
901980684
509466365
298804353
978809783
178010630
688045947
1118107577
1483796951
1535023083
391433388
1613038729
1432317855
2030463230
397040591
1498615515
1537248380
1697338596
1821949872
1100054335
1034788990
1232716001
647778000
2004919024
757329048
1697280176
1451348254
1171855744
1195450623
106516167
1456985856
1211491766
2088069644
348953875
1777502377
145039479
61805731
1541188384
199613546
1260216190
1789692886
197376315
1437275787
874654501
2126322896
1145341381
1780795333
995826097
1366045916
831131498
1228653996
490248355
2124736815
910475181
627261959
237767575
1737123520
452816901
54373136
1841530745
1638866378
1863565979
788923456
1769958063
1934656451
944360387
973970015
1913906946
651569626
389228873
569627590
221875774
988764159
1744931525
1882425506
318091146
1324436217
1484154759
1768920525
1447857756
620703327
8219947
13239490
551395764
942749935
207503223
1269568712
1439550890
650149812
1962762907
800997825
1164648676
570506146
977864227
942110191
1112018543
346715290
940103970
465033108
2092223912
1685445430
1795505102
1057015458
1854850099
122641696
329518619
1241735986
1632886908
784428227
1035575630
500160676
1311691518
1440862130
884160233
531795119
1912666229
998942773
75243016
63878781
1917157709
1977899742
158637990
1402526631
65870459
722100581
1064872002
1705004840
359148567
1672756683
822299881
1639747693
1672559135
1615784972
2105622525
982253195
1886980429
515611818
1204568532
1508412748
894239352
836219845
1726637259
1940047614
894939186
1248812594
693491546
1762883258
49158364
1972897487
473598303
1281923566
1747476477
1515224045
283981853
929396938
778582986
1474119600
1708683692
1248388093
1759195021
1896959575
1961772060
1336111396
1194819613
2044806910
1924815922
2084283411
670626617
2050628756
225767250
1829662865
1856288246
1490104075
1055393161
1012559814
1583342631
1832670278
1846546509
340835972
407339035
1779886699
856967266
1365222001
275944765
788224978
716402010
1847175611
486588964
1019118862
646026334
183378773
453682436
1043494819
51458892
774830633
2104905706
2059247586
961469367
1269625649
1149321525
387225930
1050842946
575744381
432444241
1349372263
362552697
1409258430
797354056
147910716
1969168090
168311924
486711128
1807696367
1752237080
1503795285
948556191
2063523199
180099670
821964195
496559556
1184609780
1886698451
879785567
1733357628
2128084397
1381690627
1665372642
2006210631
739909045
1723475233
882853901
88220345
207690282
1485912576
1905836642
1972317677
1952825154
1121008332
865881830
514786133
1234728152
1435925338
332418295
2121443925
2119080315
387601704
1922350470
1516316622
1221434918
925138107
1238282243
1269932328
1785222031
664556832
1254123981
701955834
237977541
386748162
244804788
1713427382
131084828
709671800
509832804
491908513
1501106266
259645319
1981608165
644038018
1245736748
444986018
1623920048
1023384359
1657862574
531254370
262883170
1256611265
455635769
142178647
846747457
11739092
609699920
25736009
2073157230
1377758292
236131512
1670440424
587074933
519586132
966620393
749155137
1735195701
678158288
2070872694
1082252065
87701353
1183312284
412785484
424722691
1982142968
1053393448
1650258505
1798009628
1499344325
1416321731
1444690258
954098483
1199038669
1955469600
470129371
788217729
1423536513
1243098082
479143072
2073138284
1127669550
506059234
966272887
1753463861
2001878396
828010384
2000790496
1265070422
1488375800
1274546927
1217315385
88558688
271471063
719176116
1946745215
672354044
413048180
1684651997
1072497860
591980930
1401897445
2131587965
491457158
449710169
337172736
1121912533
1267957687
675337996
529286790
2088214931
1332296573
645978682
916521742
824438092
1073955471
1566669316
1998269810
1410720020
2037320229
1342631578
1044600612
1307577377
1775547059
239195660
887543075
1023692720
1692399595
1330874084
868982646
428062750
758460992
1728496882
654413976
293588076
220053869
2118928636
943611994
1546387159
971748485
1258614505
1476326093
97232006
1708506491
772044272
1350163335
997503032
613141270
1996263626
388580277
1250645355
1933943633
188224530
111020805
1290200403
1887483775
1287897087
1611259095
319977519
1227060541
2063239626
1512401758
762368543
479897731
585591731
729674296
1713996545
36800258
1510574882
1559935734
1775174266
687854669
2021911276
479855160
1058153991
1594346494
750146702
1332273063
1515531797
857007572
59895552
1878382487
1630572143
1977033988
1638546207
495541745
299142293
387168755
1075854395
1414485188
1176227857
48036290
844025092
1362926202
782949100
970166131
292307840
125939057
944108766
1166474981
1049735216
959115833
890611926
658409747
1347405749
743516794
1473176600
1235076738
1412666716
64494374
886548836
1927208462
2100781567
156790471
1832666309
765773462
98295029
1526471263
1268130793
46080522
32855623
309409620
1794428898
1182234329
668426355
75409638
519544462
313095806
2136349134
1312549293
229038529
1342308193
1286222357
767174730
1536954471
1641414627
1613589715
616655637
233783107
1542425278
230042568
852785300
1882101354
55967237
737116600
1718325542
1530763583
1998250814
632827055
586984062
1564151172
1657741248
707323429
2068499961
1978206196
878934045
1750344646
2031425093
1412492071
569824378
385439830
1118477516
590763355
2053053645
1779302324
1382456946
1564987047
57217252
1415422587
34394067
579122082
579337639
1398552859
1034274207
700803185
1615205278
2070943840
1346977969
1022529135
1127735764
9332737
1887163234
1052880937
548433041
1125677552
2134841166
1364993662
875760331
1120325145
2022293314
1941569316
1160948054
1238673619
1371984164
511484008
1578162900
1965911636
1205024437
1465042716
479457896
1735521276
626184918
1579906435
1415280583
139431749
1593443822
1857347062
620141661
1542197174
2100165435
658558658
2065267972
610272818
959546290
1547878898
1162812967
1239951103
1303550365
259844265
299495043
638919225
311448895
688133235
1365306372
2141088947
698724289
561854501
903334824
1986372465
1411157726
477470634
1918660301
1167440352
1771549795
673662439
595124386
186405997
1532163007
1124609201
125996715
1292059186
1583780455
706996784
124615346
2017234895
1586135770
195727120
1312195454
455045613
949108656
1630411234
66882039
630355877
1109629438
1297945864
1871255870
105849260
347680182
145234481
767623613
835778964
431761242
848772115
996279989
1484444892
1786733957
211654100
949075381
631759217
578171031
204943831
1038320104
857497247
1921994635
1065113481
531347289
125482101
776786206
1875513858
1332619652
1485953679
107418785
1563588701
1629769071
1799007478
1035908205
740563850
723244699
1936919106
1891512952
140348109
991698714
1733700891
211272146
1632027877
1379475244
829505126
1634245687
888664599
1008201380
150628122
2124384684
1819729989
499415769
1792428397
1322592352
1245605246
664195025
578411998
650691051
234469244
844503176
301022911
418978236
361317519
2033186934
711963902
1302449344
28570231
1139893451
1771467332
552180225
1770767289
690693117
486249117
1007328460
1137555046
1470925179
1863447266
989204232
777511782
1552265597
2127274215
879455512
366182015
1052858933
542156436
425722322
1342578815
988194440
409608562
184183819
732319379
915047617
387803700
1620898313
1990211068
816832566
89867771
615512497
577973560
2127644707
783188648
775696171
1165733591
1698168372
1218778559
1526128863
1308603546
1176437785
1545636964
1344521869
2117711523
269069338
744788421
1934144910
336414767
2047384963
1281191319
1682250299
2063504174
369002750
1916074883
586695608
92238613
1970438341
534683129
1629197758
1736944819
2079017221
1327403684
88520271
772266871
405713506
1710031743
2105207083
1905671606
2002846706
1717331309
1768412838
1187319169
111601535
2109807449
677987061
995881132
854175849
1758755099
897592651
1860275645
1170494039
504519878
1172344479
1800303728
1203764746
688117801
2006051586
1053217426
314304235
1330016957
756645023
879345074
843762962
23697239
1753425104
24287841
232511919
2084314663
597930086
1842609201
411195189
2074029870
101104323
1234467636
323338347
726251051
1633008389
1048958320
2095481565
1357338913
832204068
406331853
200260587
1416213864
231388816
1152856091
9622431
1004818734
1565707851
1194305211
676653067
1062775764
1536961712
2037632815
1112463651
1202039437
1964385174
1308114897
235929659
1092808723
897667519
1365435608
1153287712
1118145105
238001012
2022501366
401873319
1625661659
80785994
1074661198
1396803211
1284448191
1735330282
44910573
560999676
1544261963
695342772
895504045
499872110
751564899
1674861248
931940609
162482650
418917704
956070167
2075354572
1704180678
1077642044
1617870704
1444941312
1668851502
1316317919
661377711
1426243835
1311504216
1752563907
362311887
219980709
213829803
1794791462
1166951349
2094295306
1709036236
322126105
124539877
260516062
1517490239
656170528
1253120719
179288351
1581522967
176090254
1500035169
948705823
366815112
1824627950
344677902
1133680949
26465072
1186751808
1260464519
1650328988
405885692
1729381597
2016874830
1920458635
1262277820
1734728025
2001214957
408295194
2138198987
1800927284
1369202538
1161204903
1368847913
1229446029
1263099345
1804726367
1047374884
130552686
425369459
205818168
1241720586
1121833386
17345132
1800395576
1509332821
1510247020
1060902351
209560585
506884411
995627345
1007722192
1553424886
1701546063
328334488
783520884
1101535820
1294549783
1582244805
1372662153
1168082423
1326549585
1599280717
1884928508
1939829340
1667292034
1472769265
593957967
60372666
1727630392
1017684465
1891707527
1030419338
681350634
1804099272
2000318466
727972067
1449070634
1866058228
119786369
66374689
615336095
667075012
1301424068
2008827150
1171642452
985773579
118830776
1800429520
234569260
83786659
1215186777
452016421
595311271
1747529570
991148302
2114638355
153503392
489249270
979195216
740024045
1423053574
210788397
763821655
1889535284
1634816559
1674877179
2006644846
1962086900
1458400961
1169575507
1879778534
542976683
1691357021
1627246827
1872162252
1804728151
732129496
740825883
1252720762
401777652
2010186282
1930808184
1310748630
515162853
1650487283
1883472350
1089521455
685979146
998258624
916393721
1411096468
953058963
1224185470
1357355095
1155483314
1456349243
1661372650
210855228
1944930932
1479544629
1666700674
2062085756
1884480362
160812295
2069033301
692057372
1742280726
1153923989
141049681
402816112
101677561
1759879168
172553002
1497690097
833522730
251693883
310313877
1642175807
1461102676
943990869
37798734
812236118
1181440814
1131990012
1773936285
11385865
60951268
1202409800
1455307528
1277437222
556015168
627687497
355559460
1926674031
769027480
40928961
1966939569
1742563327
1722092584
8421025
1351478250
279281613
826403518
579870924
769707093
1854977827
1636532468
862623703
466419769
164276400
2076237659
1257742495
2100456438
381481196
1443184148
749437745
1594390388
563676678
724549650
1625570766
368288770
964716546
1042995489
269114895
366271238
1334024782
1782329619
1356962131
1301278147
884743257
608220928
547516691
989329927
1848473299
517536118
479365100
881792451
1631587244
1625100997
1147057079
918015870
1804170524
32209566
546639538
547878773
707164014
1884609159
875799223
1983328317
1915182502
790949717
1766923541
19375250
1765697631
60943970
958587253
1601342365
731474837
316230780
1254241900
1060896955
1726190136
1042967035
470568460
1968916216
207954651
47892485
340529822
1373165460
512461402
225325177
1433123450
1431117145
614652415
45416250
881288054
1478030611
266484808
1310992677
921393986
890103932
1275340977
1251617299
1276094122
1570297534
168629268
1703138572
62557922
1963330065
1995437247
1172877381
2139345923
27784266
1002745070
1985285626
28566277
1144679021
384570229
1141932772
1065736824
1676402560
1713370923
752549442
1768076669
653767719
1797054716
617802645
392260687
729874536
1808068417
1917700705
287763808
98964686
368436721
428008
1547840486
924345384
1799696053
1583262307
1992386286
1842491537
881540103
1097368332
1820433842
1604308496
52934840
363862413
583680368
2059312746
1512298146
321397838
1504637113
1973191628
1618783918
1891372317
162307273
2005481064
1139826772
1806177024
801163127
53490105
72867159
1855815326
309703750
219491132
1915367525
1255902790
1244021551
544339611
1984287220
1374247697
1930217159
39757934
724440343
1836016559
1820807278
953889040
424548110
1271629858
1781539402
786036206
1449807583
962167134
400341475
909073101
1235016020
266450771
1508200888
719853575
1804604264
2060343846
2024933471
68061576
1329782282
1163508249
1767733801
1946759739
1325343435
253878084
1072044662
1092397392
1817329207
2065841421
256369841
265063990
438507037
989875918
477721203
1459363778
1406174188
1990426843
881784595
195424502
1411561708
2103788543
1949695848
1544109811
1757429810
325473042
104284603
1036217452
1083787096
502843599
1509681170
188122144
20263144
1077595966
638233284
1193559091
111475739
1926943789
1535031267
2073138491
1945140027
136708285
399237502
517168146
1299938579
431310546
1800285958
102239637
1226657462
1374407456
400343980
2140908452
592275279
1216356915
1662177860
75296210
1610532422
1669305975
366703567
1018608551
670172081
789267303
506586313
554394170
1743153726
45333300
797704253
1129457638
2087971207
1553764188
725731430
1821902684
1386879715
1902882719
1732072702
1879581063
1243448522
838177496
1375069821
1187206093
306755912
886001105
1751311523
1273066268
23916233
53533656
635186403
1889932392
1335570525
1937595371
1700402866
2092009297
605841442
16055987
1391289894
532015310
822662891
1303375128
443137412
1699878183
589767224
1622197519
1115661751
1989240742
1716582553
1403883791
469706448
1567203445
134542648
1656328369
774471937
946958718
1589469705
1872850420
1973655870
1986832982
850975266
1012681113
1153265630
29798819
1390945893
1925129444
1017336125
244438684
1690417986
193992703
381755175
341695258
195785849
982900895
1566843264
1199795159
1402663365
2059342683
2124238578
1309200781
1530595781
41277714
1691394924
2097520479
534615615
1364146020
1322186990
1221982294
966038620
201517395
1830564608
1825210353
662260422
1300817867
896807979
638366573
533791466
1145747312
1993585035
610060020
499220457
662550290
391790842
369246082
137356158
1524101454
539045743
474234925
895966349
541968159
1001422572
1337721100
1928765091
1677605116
234216670
1125237675
553156642
587329791
132821677
998904564
1089807429
1801181676
685415458
1815850102
996739980
1670420017
591469425
598964362
168414169
1538639719
1147923880
426898753
1796088320
667218376
2058427246
1569843188
616538892
31678997
1103631999
2031708963
1031763675
866644334
1625500719
776362403
2043156078
1283541550
2050091820
1940754977
189770539
798410493
532764955
990190946
863169358
560886886
793921778
2128242505
1618056884
654327226
363581497
113746008
1201115781
1559540215
655360460
1022463731
1775941920
1397007345
1360243920
1483504737
699182750
1139722091
87961715
2021480235
1292044872
693302092
866128920
113148377
288907682
1149030764
366420474
994710690
954307993
1072757135
1556530390
1655453231
2085827290
1410785762
1468540485
1022580265
594862007
974407627
1577496731
1536357436
705088890
1758860313
1188053246
966573842
999035952
435362770
1737345243
1975716830
1086357466
1423687134
1135938603
938595762
370044014
1108365812
1213661237
1422409572
1837370992
1540442281
1783909792
1940979987
1667945601
1165612283
1512253735
38688943
437561090
967954548
91741950
730658419
1021775666
2098393706
1357067355
1304303107
319072854
1544015989
73585859
229250755
1901668546
1698507456
1170176526
1719367743
978606596
717109674
244623615
1053184002
1984007309
966866777
28284100
2101780539
1788779308
1451391174
1872850326
819774188
2054905893
2055976994
1039409243
1246656194
394328149
206400456
1285576153
1506605895
201791413
398358016
630301151
667356037
1997192973
708414618
642830169
320173150
735797121
93540065
264534156
1407564077
2095213411
1723303934
977926059
1364355876
1912071382
2026437218
396647634
648045432
575830942
441351327
1758794737
1450443508
1719799306
1781963228
1288387644
435789630
289854135
1060562110
615825052
1701496338
1967164171
1219117177
592836312
287676051
93769343
746982264
319578501
502826136
1113238455
1641677031
1869140776
1178910097
1802259603
718901231
704196134
963080435
374259179
548386074
100806678
816747329
933374786
700455157
1312107698
779470277
606257413
654794897
528161252
1443791692
1731363397
1308549516
1350646537
951261704
1710661295
1606749766
1739266802
1248652806
1592977693
664787805
1489065041
363013157
634208102
70110587
1517622808
903344429
111217531
477171458
596230347
197947584
1830616893
526077076
922643322
1607828623
672543280
976837445
2062651400
330328855
112365534
1794654757
813384331
1761201131
1101317941
2007445893
881894875
419934076
280864273
1416839501
1295703197
1360181382
436106865
695649463
630399595
906225440
857183033
1582390877
1634283190
584738159
889669886
136440507
1657595978
1849931397
987819642
1709980981
1462432066
359760466
1372300890
1712922704
1337926844
896177100
191846205
323310491
135924611
968156991
3383719
680671186
1394303991
2103972053
240601393
1291381576
1583644880
1410542041
1626473449
1032796511
650125497
334836356
580547655
1028387273
405417403
271838901
1568353792
492752767
1435560771
1599578485
1568143621
1754330640
1076037936
2059365380
2130100338
1730001629
1823616148
941790197
1788516633
1859042727
765731761
2045271724
1193092091
12649436
1044873991
1028474299
142313026
1614630844
290582321
1405494976
56578928
441390755
1761195662
970931701
235467753
397937377
1840198520
1719986709
1175190142
1326580906
1058457561
562664470
731093475
1804288893
136858384
829039274
16828686
1232128597
1942338892
1200830496
239834002
653370925
269250040
647408293
929203115
1986435654
289922203
977986106
560897432
1729965069
1630345291
1760352572
2025895001
1777465461
757183858
1094080868
981228633
1136973043
1880435955
1915969309
1017542134
414642684
518430298
1094618309
1678008812
1768828732
1183471774
672475837
1633064293
1281511326
1771772402
1429690441
1455679769
735940661
39996545
1701349282
1195423034
1747346988
1631339984
2083788877
733514549
1143119136
1002875165
2057500578
1440026187
739873664
135955
1488694694
427844110
2813144
1415534718
353813841
268593461
1121679822
1299619381
2019029960
1335383088
1091894008
647065468
265017672
499083656
1083156012
1875229094
79829399
2017108307
1685180822
1195223919
1749779659
1754339850
1648009901
1440832241
760556874
728382683
1016884035
799119599
160222384
89078242
1166470029
1966691803
1054804464
1662024009
813165460
756805310
928420068
243570040
659682873
698764024
805349758
415391320
1484612116
1278469697
547597519
1500855897
1265715619
1052344382
1346599987
1198235181
736527601
1824022597
350223737
1821215863
691366269
41656678
1580347970
451474519
192126611
1342466826
516064210
1492314790
498399521
943030407
482678799
1146687732
1208066788
817676042
20385694
1554345041
1213356969
1915824507
212700195
998461245
1978030599
1759502950
2137857200
746405667
1244671939
1855348208
138543190
1208886320
125236598
99401984
1019253218
1187491676
1011723090
951176999
2134864958
1244622734
1077535628
1687343254
1149558078
1142487064
1895708917
1393545094
1407798033
875695722
1192697594
2070574079
1885728497
768958437
1058775017
1279267054
2001060953
1788571853
1904211188
1649028923
1418441981
1210643977
1274303991
976688403
1500807068
346369765
568582258
576093892
1100569024
1521900747
1822115372
1857499416
10829702
967430331
1586742730
34989318
218452530
306974431
18643723
162122307
582975671
268602813
1188748285
1449852360
670470303
100932430
2715510
1840762046
1166943802
325883688
843735502
1514693066
369476564
748946107
1229731997
1608908347
843291916
781483790
354153850
1963223211
1448683849
2051261613
2104801868
1414230509
40665207
435723531
1291512834
286711164
1429586833
561105086
886954303
217319681
1947405859
343463877
1512659602
1982901923
1270867376
965283481
52496235
1036250205
728258995
1470237985
1799730769
898332659
1441650272
1084518980
979309926
1348439252
345540155
1060720934
373826597
619203068
1939313050
1542673123
1520151086
20127319
896987642
856983656
615098649
933394526
1251105057
1339759544
1727779547
540787295
753647248
1458939711
442826508
2001986737
1774033491
394883382
1253796671
815061220
192685132
1739624596
1860632226
10110536
244108726
2089898741
1490439642
73364092
1778705747
638255216
1934718037
778791731
1778996077
1448939790
1727121360
1276981231
143792733
1379502084
432095531
1617236463
238046019
676674885
1937158840
393900708
31665338
414479880
88552073
1374545267
1014632126
1744774494
1980627159
1746627257
1223803533
253787041
1267671707
639449074
973578729
1158975655
1956147361
389187906
311839669
1625500535
452650775
1779105002
489844972
1196588893
414702633
2005618162
867027275
432953858
583158886
1368328342
407809489
860893487
1041361663
1508129107
302292057
113934323
2072473764
1643326568
91023041
280333594
1287201066
1633356528
646834782
214369062
1657997320
1643036785
84226566
725289513
1742492027
835887317
65191168
148807087
801014832
1429669082
336222734
1334434050
1731113453
1904374282
609535807
487577729
1599791162
765284328
465789865
2142108098
1200984168
1415891338
1829410977
1799959218
1539988567
350417312
1120449428
410563959
1686238386
1101271849
1581978520
127187806
1100198193
1409843572
776218473
1425260956
1577312883
1956189281
2094477004
49853823
1684914496
615463898
2135220543
1529544617
1400224917
110035111
1384442045
177848329
1628457601
597822315
1874680309
427805922
799100674
1246955288
1610423510
1599392123
984566082
1422651240
116059799
828367380
599201864
917025204
149217860
797524738
968411356
2068133036
996269083
835908076
59443681
1723587495
26320825
176192112
419827580
1195814162
542133901
1775699033
636248338
1709977766
1335652184
1918355013
89171250
1554822892
1958427160
136897558
1700286492
412813250
1476054081
103893585
448251465
1880355623
1229431329
1061699875
856841161
1313637505
461447417
518951579
1282444829
153972472
2144599755
956410550
477290741
766134469
1347003629
1798024131
1051893052
2038475869
333303097
841932093
748804644
825127637
770767281
714274727
724305513
798766357
904188741
632383830
497943055
965127957
1792737701
1581809767
1373041079
895659782
808722355
985638611
102611091
987571320
510774114
1599043656
1873996479
1198779501
1851076783
15089899
106947934
554690074
86216339
266633959
2045605892
1389620406
987620884
1518016315
509696380
975548312
299940743
773748903
942474433
851211022
307337690
5706222
1376017402
641534019
1017947242
200131364
1999705266
1869716790
467790841
1053611141
485082678
1141797735
435038221
2130520587
638636198
1320431041
1171782914
1132888135
659353102
1383445791
190918016
732535707
1749710914
737775731
290148692
653231934
255787204
1477363568
695308360
1318158113
608050979
43161128
1251700160
564876716
2133116380
343498396
283504377
1597216566
1150167015
364496911
71280911
509216599
19921295
943281717
1047086551
1985259826
1203535665
548838381
659282771
72683737
1345089864
1950641250
1597460005
718498335
1713104963
1410266896
533797904
225880696
1876375249
1148667605
1204973393
1271537190
510926588
376729306
1106650150
1382814699
841667508
195123487
1436892275
392143249
1893317347
129718584
1463813403
1152477585
1827622061
1137411654
1000203078
2026755101
1263183102
59562155
834647141
2083413440
1273584877
1692950204
1291619809
686135724
146727598
1344861829
228343292
152304270
378730953
561196573
220568064
143210651
1593029172
1486859638
1339437506
1382072904
439663511
204951266
200954993
1502027085
1764404190
1129686085
1453949345
1796477754
982025480
849189897
1799184852
756372154
350176651
347099201
1569118197
772210263
115050485
1862369008
589717779
1094717906
1285505438
1843555620
224785393
1941949564
1915305960
1373066384
1726459724
1857082882
1477146951
1284903417
233270316
1897272124
562112574
36618056
1385168537
535740024
1109663377
264863307
971662107
2022996304
924381826
1370675803
1145324592
1029132570
547263796
485668718
203503503
23153129
763152762
1941828705
236432884
361836012
897314820
1896381138
1245667853
1577437832
1978738378
1317521211
380002853
218166725
237270722
783885324
1635984828
2141430284
132016128
1190801532
291844280
1098651347
704463083
1347750807
516200312
1190283528
174781017
748684304
2032588374
1556042919
469914259
700255906
68089887
172663624
951691906
844000802
1244126080
975402561
1846189810
1337336988
100234961
593163857
544877184
841697012
444652802
1136702560
2091357738
392634766
899518742
1099245549
112930390
882385588
671585040
1390585958
1644856913
1039481533
855737942
1650042998
1085702806
2118456762
1510128863
1282544442
343884963
957969954
10283319
729441943
111879988
582134157
423855869
897013537
2060039256
780164686
1988151867
2091941129
157168084
1356073631
326600356
768736975
212906875
139414553
1755018568
783276646
515838445
857318205
195025991
269948615
133578756
1195414954
560767375
225486136
1348494563
1045131389
506331626
1591551209
1341218338
1043671176
1132209604
1210827410
1094444966
10757230
755301980
430862438
781245441
1928277608
939035629
1643340855
920751651
612760638
1600140047
75106217
1284066507
1192024688
1926370701
1692657060
1124351877
824319883
1491443362
1975053424
1455652406
1550794606
396002340
1104523011
57789326
2021614957
1415880069
1477078016
1999122525
720325666
1995688352
1764691368
471759596
220742930
454625686
330874091
1528570574
1948116996
1544312753
2116445369
1746006709
369972093
1352878248
1090925877
119099770
1958076200
320948093
317986411
489248084
2129759943
1187849114
726799408
1246167412
1638661226
392056511
2029479701
51658990
1401281078
154733321
713149618
839602919
1758318601
952012114
823990495
73429940
1479841917
1274942100
2096331195
1707333674
670821021
2063918697
707823898
1660010993
1505979921
1428856564
756033279
381058573
496247726
1643145754
1406220668
1640619628
2111975183
330714674
1190981565
71163399
681245548
1441301609
1830549293
830703794
846077259
1722729962
434586579
809246195
1642596035
1897664022
516285007
2065038522
104132794
1312853691
2105224755
836704618
561197692
482388589
551415781
1275818287
254781463
1040503098
1802270716
1514409030
1501123379
2058416315
1539737804
1331894880
1403323090
2129574005
118663490
1036455136
205482422
13141670
668629278
783599511
1065549398
212529642
1278051625
1635332631
1713489219
280379126
1637433143
1145969492
2051286522
1514553735
1656537259
1544749515
164464647
461152477
655604894
1246901709
1826051031
1991098426
1844267672
32804979
1400296048
2031264828
401969867
1012428636
476374019
703452822
835435510
31060554
1198820415
548445293
597861287
966172955
1401513429
2056436457
1841196256
1047513210
1409524444
943230962
530501161
1091642057
866534773
1153622362
2101141134
884006375
1363241661
1732205570
1984657494
664928694
582298846
1463662297
737045674
2129170272
253055627
2055035218
461527334
2097333334
1579046679
262977004
347449806
1700585698
592376742
1308626723
1112361299
661689543
690644835
1743787815
1542393124
831335841
1685380157
639960624
557437065
224508271
1762411188
357809035
505676290
823923872
1131268290
1033341365
508514427
1310529034
769892506
701964867
1013166986
2009697951
170801587
603480555
858822913
3283924
1900644911
1353237214
1336727215
629718226
1123923940
523639111
634403668
826055020
2006451998
1298945868
696815042
1615641791
260321514
1769679063
1147253934
828255207
1332578106
31642714
1732567464
1231257115
455013378
1577337046
1431887904
349395295
1081633131
644652992
1864515053
290880599
551911794
2115566643
72788378
257722949
178197077
717566118
898828932
1742461372
1406190717
741270437
455729107
1465680121
1044681392
313600567
1844931101
1329307120
1966140991
1671913805
101397458
1515934619
1049318371
40851094
735049487
1011517486
364747485
2120849403
608610402
1120305242
120160313
1473388595
1488175556
1384857019
1010543651
670485345
1259128124
1065033841
400587370
36560017
1949756511
200921615
210872343
1246627313
1162376493
2103688884
1193500015
1420800635
33465181
1185198182
1835729304
1879112906
918946995
1136336966
778763670
1592786348
206402827
1215873914
1341800049
1913239215
998940717
675065396
86109278
772585012
1899278164
1278659957
2005387011
581807978
1988869177
1539979208
917813063
1009505017
1589623814
1909823565
672773041
800591121
1457540965
1182400770
1250734192
1854728008
1675531347
1744689641
392007475
1089366570
398916024
1914811920
14186213
246227366
575340052
643562596
1597101031
1429694347
1268475761
1322649934
1733950139
1893678834
1837599629
2114395247
1390456153
1304766581
976451814
169868685
1654173277
316728681
114651317
1641343025
1993688775
2052384652
1998251376
465722976
1715014367
343361129
929888508
291628127
1442362214
1432613649
35802743
732930655
2011553876
1880511615
2112323180
452100134
517473433
659640140
2064977773
1394613334
2057697180
1325550654
808381598
1875157789
743913358
1608918327
526156581
1287928909
1285587735
297487115
424451016
1665042756
1129474330
1945012340
2045778418
175988112
403656826
1254278651
1761013553
1975211990
878914290
31264255
1253854980
1446250712
467956237
854232436
38552694
1573171921
226418471
585780452
503876659
2130449031
472539196
1189243863
878427197
892356439
459592575
439501401
709664454
1530831587
1313640284
1569680606
1725619509
1956508461
64761659
1236361338
1368841051
100025202
1282491273
685524658
1676607688
1892555266
661612883
681010062
613290074
1055897449
1665738551
1704937950
600026820
1292914996
723005331
782263650
1877264648
1001615031
1238867606
1190709714
332673049
473890873
1937297033
1773913882
1734554574
1701219247
701803832
1174431635
312985413
153875759
1363199767
508770327
1432268212
157409763
700133756
1794668934
2012589054
1339381736
568612998
1395612057
1100054785
1506678015
405043972
1341852299
629671406
1575994577
2109247434
188871990
664595030
16999150
1096517059
1557869333
387472775
1006923911
1391785710
177321960
2086168189
1099073837
194753253
1032951621
1819676756
820822634
141603909
1252257378
930413136
1531104260
1905778274
706814666
1437700160
165085713
911734629
617354352
1274372648
1844516007
636244376
1080202146
932811785
186864515
1104860737
695982868
223228282
2042805058
390107139
1347585872
958155854
384910458
1757765322
1875003555
1495498743
493039126
1967410413
828181696
1447880801
1352221372
1480790834
1914272259
45740561
1139987107
580693948
707986214
2076929800
2093485773
1581650540
428461127
986176989
567158521
1607712197
1665444971
773818532
1738794266
284150050
41027592
130182471
851460842
953680415
276363517
29785327
1458401627
1558758521
2065542031
535767518
1519235117
198531673
1954103094
1640885791
348537768
1089961532
524818516
350821498
751328135
836115615
1738356436
1878409105
1278136534
1773720587
1462250872
1085082593
1296980057
766427539
2099155327
356074492
463356487
1536625471
1604391941
801497220
414223831
1563678474
1487620455
1634089968
1597365307
1027877337
596559392
1868618065
1510677277
1588062993
64710129
1659316614
778012095
930733116
1983307056
1178454951
515517384
2138159134
61684722
479383393
902322220
445940314
1663640302
2000347419
309528135
2022470586
1853749665
894876417
78581910
285485020
1743143908
7418000
2069912428
1628590172
831448001
85433044
1356101141
1155290100
1920811510
1489142895
386379664
966416466
1627216348
1159254616
424310998
159177683
965438973
1766752920
2033379619
1537319074
2088040769
1952960597
77423721
299296884
892183386
1959541946
1298543797
1259064159
285794849
973205281
1184683532
483081274
1126891496
677785956
357856411
920396465
1445753334
151992341
2143355937
1145213815
1005607449
1396104173
1261465997
791505702
429538556
1843102701
1900722657
1774536118
638569926
634181559
1348166338
2117712751
1005444556
631297108
726741023
1792035780
1391539543
92545156
644929598
169289099
1042345828
148087093
615116880
941952523
562336973
1873718673
861763535
479980610
306422629
797088852
683132874
696340783
10540451
854156762
367294330
988070132
1921757381
270599649
524300890
1582399681
648095545
922677577
275663057
915214497
230340057
513984242
488769215
2051287108
153383650
147435263
0
0
0
0
0
0
0
0
0
0
0
0
0
0
0
0
0
0
0
0
0
0
0
0
0
0
0
0
0
0
0
0
0
0
0
0
0
0
0
0
0
0
0
0
0
0
0
0
0
0
0
0
0
0
0
0
0
0
0
0
0
0
0
0
0
0
0
0
0
0
0
0
0
0
0
0
0
0
0
0
0
0
0
0
0
0
0
0
0
0
0
0
0
0
0
0
0
0
0
0
0
0
0
0
0
0
0
0
0
0
0
0
0
0
0
0
0
0
0
0
0
0
0
0
0
0
0
0
0
0
0
0
0
0
0
0
0
0
0
0
0
0
0
0
0
0
0
0
0
0
0
0
0
0
0
0
0
0
0
0
0
0
0
0
0
0
0
0
0
0
0
0
0
0
0
0
0
0
0
0
0
0
0
0
0
0
0
0
0
0
0
0
0
0
0
0
0
0
0
0
0
0
0
0
0
0
0
0
0
0
0
0
0
0
0
0
0
0
0
0
0
0
0
0
0
0
0
0
0
0
0
0
0
0
0
0
0
0
0
0
0
0
0
0
0
0
0
0
0
0
0
0
0
0
0
0
0
0
0
0
0
0
0
0
0
0
0
0
0
0
0
0
0
0
0
0
0
0
0
0
0
0
0
0
0
0
0
0
0
0
0
0
0
0
0
0
0
0
0
0
0
0
0
0
0
0
0
0
0
0
0
0
0
0
0
0
0
0
0
0
0
0
0
0
0
0
0
0
0
0
0
0
0
0
0
0
0
0
0
0
0
0
0
0
0
0
0
0
0
0
0
0
0
0
0
0
0
0
0
0
0
0
0
0
0
0
0
0
0
0
0
0
0
0
0
0
0
0
0
0
0
0
0
0
0
0
0
0
0
0
0
0
0
0
0
0
0
0
0
0
0
0
0
0
0
0
0
0
0
0
0
0
0
0
0
0
0
0
0
0
0
0
0
0
0
0
0
0
0
0
0
0
0
0
0
0
0
0
0
0
0
0
0
0
0
0
0
0
0
0
0
0
0
0
0
0
0
0
0
0
0
0
0
0
0
0
0
0
0
0
0
0
0
0
0
0
0
0
0
0
0
0
0
0
0
0
0
0
0
0
0
0
0
0
0
0
0
0
0
0
0
0
0
0
0
0
0
0
0
0
0
0
0
0
0
0
0
0
0
0
0
0
0
0
0
0
0
0
0
0
0
0
0
0
0
0
0
0
0
0
0
0
0
0
0
0
0
0
0
0
0
0
0
0
0
0
0
0
0
0
0
0
0
0
0
0
0
0
0
0
0
0
0
0
0
0
0
0
0
0
0
0
0
0
0
0
0
0
0
0
0
0
0
0
0
0
0
0
0
0
0
0
0
0
0
0
0
0
0
0
0
0
0
0
0
0
0
0
0
0
0
0
0
0
0
0
0
0
0
0
0
0
0
0
0
0
0
0
0
0
0
0
0
0
0
0
0
0
0
0
0
0
0
0
0
0
0
0
0
0
0
0
0
0
0
0
0
0
0
0
0
0
0
0
0
0
0
0
0
0
0
0
0
0
0
0
0
0
0
0
0
0
0
0
0
0
0
0
0
0
0
0
0
0
0
0
0
0
0
0
0
0
0
0
0
0
0
0
0
0
0
0
0
0
0
0
0
0
0
0
0
0
0
0
0
0
0
0
0
0
0
0
0
0
0
0
0
0
0
0
0
0
0
0
0
0
0
0
0
0
0
0
0
0
0
0
0
0
0
0
0
0
0
0
0
0
0
0
0
0
0
0
0
0
0
0
0
0
0
0
0
0
0
0
0
0
0
0
0
0
0
0
0
0
0
0
0
0
0
0
0
0
0
0
0
0
0
0
0
0
0
0
0
0
0
0
0
0
0
0
0
0
0
0
0
0
0
0
0
0
0
0
0
0
0
0
0
0
0
0
0
0
0
0
0
0
0
0
0
0
0
0
0
0
0
0
0
0
0
0
0
0
0
0
0
0
0
0
0
0
0
0
0
0
0
0
0
0
0
0
0
0
0
0
0
0
0
0
0
0
0
0
0
0
0
0
0
0
0
0
0
0
0
0
0
0
0
0
0
0
0
0
0
0
0
0
0
0
0
0
0
0
0
0
0
0
0
0
0
0
0
0
0
0
0
0
0
0
0
0
0
0
0
0
0
0
0
0
0
0
0
0
0
0
0
0
0
0
0
0
0
0
0
0
0
0
0
0
0
0
0
0
0
0
0
0
0
0
0
0
0
0
0
0
0
0
0
0
0
0
0
0
0
0
0
0
0
0
0
0
0
0
0
0
0
0
0
0
0
0
0
0
0
0
0
0
0
0
0
0
0
0
0
0
0
0
0
0
0
0
0
0
0
0
0
0
0
0
0
0
0
0
0
0
0
0
0
0
0
0
0
0
0
0
0
0
0
0
0
0
0
0
0
0
0
0
0
0
0
0
0
0
0
0
0
0
0
0
0
0
0
0
0
0
0
0
0
0
0
0
0
0
0
0
0
0
0
0
0
0
0
0
0
0
0
0
0
0
0
0
0
0
0
0
0
0
0
0
0
0
0
0
0
0
0
0
0
0
0
0
0
0
0
0
0
0
0
0
0
0
0
0
0
0
0
0
0
0
0
0
0
0
0
0
0
0
0
0
0
0
0
0
0
0
0
0
0
0
0
0
0
0
0
0
0
0
0
0
0
0
0
0
0
0
0
0
0
0
0
0
0
0
0
0
0
0
0
0
0
0
0
0
0
0
0
0
0
0
0
0
0
0
0
0
0
0
0
0
0
0
0
0
0
0
0
0
0
0
0
0
0
0
0
0
0
0
0
0
0
0
0
0
0
0
0
0
0
0
0
0
0
0
0
0
0
0
0
0
0
0
0
0
0
0
0
0
0
0
0
0
0
0
0
0
0
0
0
0
0
0
0
0
0
0
0
0
0
0
0
0
0
0
0
0
0
0
0
0
0
0
0
0
0
0
0
0
0
0
0
0
0
0
0
0
0
0
0
0
0
0
0
0
0
0
0
0
0
0
0
0
0
0
0
0
0
0
0
0
0
0
0
0
0
0
0
0
0
0
0
0
0
0
0
0
0
0
0
0
0
0
0
0
0
0
0
0
0
0
0
0
0
0
0
0
0
0
0
0
0
0
0
0
0
0
0
0
0
0
0
0
0
0
0
0
0
0
0
0
0
0
0
0
0
0
0
0
0
0
0
0
0
0
0
0
0
0
0
0
0
0
0
0
0
0
0
0
0
0
0
0
0
0
0
0
0
0
0
0
0
0
0
0
0
0
0
0
0
0
0
0
0
0
0
0
0
0
0
0
0
0
0
0
0
0
0
0
0
0
0
0
0
0
0
0
0
0
0
0
0
0
0
0
0
0
0
0
0
0
0
0
0
0
0
0
0
0
0
0
0
0
0
0
0
0
0
0
0
0
0
0
0
0
0
0
0
0
0
0
0
0
0
0
0
0
0
0
0
0
0
0
0
0
0
0
0
0
0
0
0
0
0
0
0
0
0
0
0
0
0
0
0
0
0
0
0
0
0
0
0
0
0
0
0
0
0
0
0
0
0
0
0
0
